#
# A fatal error has been detected by the Java Runtime Environment:
#
#  EXCEPTION_ACCESS_VIOLATION (0xc0000005) at pc=0x00007ffc1a8a14a6, pid=18584, tid=19120
#
# JRE version: Java(TM) SE Runtime Environment (16.0.2+7) (build 16.0.2+7-67)
# Java VM: Java HotSpot(TM) 64-Bit Server VM (16.0.2+7-67, mixed mode, sharing, tiered, compressed oops, compressed class ptrs, g1 gc, windows-amd64)
# Problematic frame:
# C  [JavaController.dll+0x14a6]
#
# No core dump will be written. Minidumps are not enabled by default on client versions of Windows
#
# If you would like to submit a bug report, please visit:
#   https://bugreport.java.com/bugreport/crash.jsp
# The crash happened outside the Java Virtual Machine in native code.
# See problematic frame for where to report the bug.
#

---------------  S U M M A R Y ------------

Command Line: -Djava.library.path=C:/Program Files/Webots/lib/controller/java Lab3Controller

Host: Intel(R) Core(TM) i7-9700K CPU @ 3.60GHz, 8 cores, 31G,  Windows 10 , 64 bit Build 19041 (10.0.19041.1202)
Time: Mon Sep 20 11:13:54 2021 Eastern Daylight Time elapsed time: 0.046843 seconds (0d 0h 0m 0s)

---------------  T H R E A D  ---------------

Current thread (0x0000025bce089170):  JavaThread "main" [_thread_in_native, id=19120, stack(0x000000f61cb00000,0x000000f61cc00000)]

Stack: [0x000000f61cb00000,0x000000f61cc00000],  sp=0x000000f61cbff240,  free space=1020k
Native frames: (J=compiled Java code, j=interpreted, Vv=VM code, C=native code)
C  [JavaController.dll+0x14a6]

Java frames: (J=compiled Java code, j=interpreted, Vv=VM code)
j  com.cyberbotics.webots.controller.wrapperJNI.Camera_getImage(JLcom/cyberbotics/webots/controller/Camera;)[I+0
j  com.cyberbotics.webots.controller.Camera.getImage()[I+5
j  Lab3Controller.main([Ljava/lang/String;)V+126
v  ~StubRoutines::call_stub

siginfo: EXCEPTION_ACCESS_VIOLATION (0xc0000005), reading address 0x0000000000000000


Register to memory mapping:

RIP=0x00007ffc1a8a14a6 JavaController.dll
RAX=0x0 is NULL
RBX=0x0 is NULL
RCX=0x00000000000007ec is an unknown value
RDX=0xfffffdaa24b3f4c4 is an unknown value
RSP=0x000000f61cbff240 is pointing into the stack for thread: 0x0000025bce089170
RBP=0x00000000000007ec is an unknown value
RSI=0x0000025bce089480 points into unknown readable memory: 0x00007ffc1b3933d0 | d0 33 39 1b fc 7f 00 00
RDI=0x0000025bce160d80 points into unknown readable memory: 0x00000006211eb980 | 80 b9 1e 21 06 00 00 00
R8 =0x0000025bfc6ac4d0 points into unknown readable memory: 0x0000000000000000 | 00 00 00 00 00 00 00 00
R9 =0x00000006211eb990 points into unknown readable memory: 0x0000000000000000 | 00 00 00 00 00 00 00 00
R10=0x0 is NULL
R11=0x0000025bcdf10fe0 points into unknown readable memory: 0x0000000200000005 | 05 00 00 00 02 00 00 00
R12=0x0 is NULL
R13={method} {0x0000025bfd00f558} 'Camera_getImage' '(JLcom/cyberbotics/webots/controller/Camera;)[I' in 'com/cyberbotics/webots/controller/wrapperJNI'
R14=0x000000f61cbff390 is pointing into the stack for thread: 0x0000025bce089170
R15=0x0000025bce089170 is a thread


Registers:
RAX=0x0000000000000000, RBX=0x0000000000000000, RCX=0x00000000000007ec, RDX=0xfffffdaa24b3f4c4
RSP=0x000000f61cbff240, RBP=0x00000000000007ec, RSI=0x0000025bce089480, RDI=0x0000025bce160d80
R8 =0x0000025bfc6ac4d0, R9 =0x00000006211eb990, R10=0x0000000000000000, R11=0x0000025bcdf10fe0
R12=0x0000000000000000, R13=0x0000025bfd00f550, R14=0x000000f61cbff390, R15=0x0000025bce089170
RIP=0x00007ffc1a8a14a6, EFLAGS=0x0000000000010202

Top of Stack: (sp=0x000000f61cbff240)
0x000000f61cbff240:   00000000000007ec 0000025bce160d80
0x000000f61cbff250:   0000000000000000 000000f61cbff390
0x000000f61cbff260:   0000025bfca18970 0000025bfca18970
0x000000f61cbff270:   0000025bce089480 0000000000000000
0x000000f61cbff280:   0000000000000034 00007ffc1a8a2132
0x000000f61cbff290:   0000025bfca18970 0000025bce089170
0x000000f61cbff2a0:   0000025bd7019512 0000025bd701db79
0x000000f61cbff2b0:   0000000000000000 0000025bfd00f550
0x000000f61cbff2c0:   0000000000000000 0000025bd7019512
0x000000f61cbff2d0:   000000f61cbff360 0000025bd701dd22
0x000000f61cbff2e0:   0000025bd7019512 0000025bd701da32
0x000000f61cbff2f0:   0000025bfd00f550 0000000000000000
0x000000f61cbff300:   0000025bce089170 000000f61cbff308
0x000000f61cbff310:   0000025bd701d9d6 000000f61cbff318
0x000000f61cbff320:   0000025bfd00f550 000000f61cbff390
0x000000f61cbff330:   0000025bfd003e60 0000000000000000 

Instructions: (pc=0x00007ffc1a8a14a6)
0x00007ffc1a8a13a6:   20 48 89 ce 4c 89 c7 48 8d 1d ac 0f 01 00 83 fa
0x00007ffc1a8a13b6:   01 74 0e 48 83 c3 10 8b 03 85 c0 74 04 39 d0 75
0x00007ffc1a8a13c6:   f2 48 8b 06 48 89 f1 ff 90 88 00 00 00 48 8b 53
0x00007ffc1a8a13d6:   08 48 8b 06 48 89 f1 ff 50 30 48 89 c2 48 85 c0
0x00007ffc1a8a13e6:   74 0d 48 8b 06 49 89 f8 48 89 f1 ff 50 70 90 48
0x00007ffc1a8a13f6:   83 c4 20 5b 5e 5f c3 55 57 56 53 48 83 ec 28 48
0x00007ffc1a8a1406:   89 cf 48 89 d3 4c 89 c6 4c 89 cd 48 8b 01 4c 89
0x00007ffc1a8a1416:   ca ff 90 58 05 00 00 85 c0 7e 16 89 c1 b8 00 00
0x00007ffc1a8a1426:   00 00 8b 14 86 89 14 83 48 83 c0 01 48 39 c8 75
0x00007ffc1a8a1436:   f1 48 8b 07 41 b9 00 00 00 00 49 89 d8 48 89 ea
0x00007ffc1a8a1446:   48 89 f9 ff 90 18 06 00 00 90 48 83 c4 28 5b 5e
0x00007ffc1a8a1456:   5f 5d c3 55 57 56 53 48 83 ec 28 48 89 ce 48 89
0x00007ffc1a8a1466:   d3 44 89 c5 48 8b 01 44 89 c2 ff 90 98 05 00 00
0x00007ffc1a8a1476:   48 89 c7 48 85 c0 74 4d 48 8b 06 41 b8 00 00 00
0x00007ffc1a8a1486:   00 48 89 fa 48 89 f1 ff 90 d8 05 00 00 49 89 c0
0x00007ffc1a8a1496:   48 85 c0 74 3c 85 ed 7e 17 89 e9 b8 00 00 00 00
0x00007ffc1a8a14a6:   8b 14 83 41 89 14 80 48 83 c0 01 48 39 c8 75 f0
0x00007ffc1a8a14b6:   48 8b 06 41 b9 00 00 00 00 48 89 fa 48 89 f1 ff
0x00007ffc1a8a14c6:   90 18 06 00 00 48 89 f8 48 83 c4 28 5b 5e 5f 5d
0x00007ffc1a8a14d6:   c3 48 89 c7 eb ef 55 57 56 53 48 83 ec 28 48 89
0x00007ffc1a8a14e6:   cf 48 89 d6 44 89 c3 48 8b 01 44 89 c2 ff 90 a8
0x00007ffc1a8a14f6:   05 00 00 48 89 c5 48 85 c0 74 51 48 8b 07 41 b8
0x00007ffc1a8a1506:   00 00 00 00 48 89 ea 48 89 f9 ff 90 e8 05 00 00
0x00007ffc1a8a1516:   49 89 c0 48 85 c0 74 40 85 db 7e 1b 89 da b8 00
0x00007ffc1a8a1526:   00 00 00 f3 0f 10 04 86 f3 41 0f 11 04 80 48 83
0x00007ffc1a8a1536:   c0 01 48 39 d0 75 ec 48 8b 07 41 b9 00 00 00 00
0x00007ffc1a8a1546:   48 89 ea 48 89 f9 ff 90 28 06 00 00 48 89 e8 48
0x00007ffc1a8a1556:   83 c4 28 5b 5e 5f 5d c3 48 89 c5 eb ef 55 57 56
0x00007ffc1a8a1566:   53 48 83 ec 28 48 89 cf 48 89 d3 4c 89 c6 4c 89
0x00007ffc1a8a1576:   cd 48 8b 01 4c 89 ca ff 90 58 05 00 00 85 c0 7e
0x00007ffc1a8a1586:   1a 89 c2 b8 00 00 00 00 f2 0f 10 04 c6 f2 0f 11
0x00007ffc1a8a1596:   04 c3 48 83 c0 01 48 39 d0 75 ed 48 8b 07 41 b9 


Stack slot to memory mapping:
stack at sp + 0 slots: 0x00000000000007ec is an unknown value
stack at sp + 1 slots: 0x0000025bce160d80 points into unknown readable memory: 0x00000006211eb980 | 80 b9 1e 21 06 00 00 00
stack at sp + 2 slots: 0x0 is NULL
stack at sp + 3 slots: 0x000000f61cbff390 is pointing into the stack for thread: 0x0000025bce089170
stack at sp + 4 slots: 0x0000025bfca18970 points into unknown readable memory: 0x00007ffc1a848b60 | 60 8b 84 1a fc 7f 00 00
stack at sp + 5 slots: 0x0000025bfca18970 points into unknown readable memory: 0x00007ffc1a848b60 | 60 8b 84 1a fc 7f 00 00
stack at sp + 6 slots: 0x0000025bce089480 points into unknown readable memory: 0x00007ffc1b3933d0 | d0 33 39 1b fc 7f 00 00
stack at sp + 7 slots: 0x0 is NULL


---------------  P R O C E S S  ---------------

Threads class SMR info:
_java_thread_list=0x0000025bfc667940, length=12, elements={
0x0000025bce089170, 0x0000025bfc508c90, 0x0000025bfc50a910, 0x0000025bfc51e500,
0x0000025bfc51ee10, 0x0000025bfc51f720, 0x0000025bfc520030, 0x0000025bfc531a80,
0x0000025bfc55f080, 0x0000025bfc5695e0, 0x0000025bfc686300, 0x0000025bfc68ef60
}

Java Threads: ( => current thread )
=>0x0000025bce089170 JavaThread "main" [_thread_in_native, id=19120, stack(0x000000f61cb00000,0x000000f61cc00000)]
  0x0000025bfc508c90 JavaThread "Reference Handler" daemon [_thread_blocked, id=19988, stack(0x000000f61d200000,0x000000f61d300000)]
  0x0000025bfc50a910 JavaThread "Finalizer" daemon [_thread_blocked, id=4944, stack(0x000000f61d300000,0x000000f61d400000)]
  0x0000025bfc51e500 JavaThread "Signal Dispatcher" daemon [_thread_blocked, id=4116, stack(0x000000f61d400000,0x000000f61d500000)]
  0x0000025bfc51ee10 JavaThread "Attach Listener" daemon [_thread_blocked, id=7544, stack(0x000000f61d500000,0x000000f61d600000)]
  0x0000025bfc51f720 JavaThread "Service Thread" daemon [_thread_blocked, id=18732, stack(0x000000f61d600000,0x000000f61d700000)]
  0x0000025bfc520030 JavaThread "Monitor Deflation Thread" daemon [_thread_blocked, id=13468, stack(0x000000f61d700000,0x000000f61d800000)]
  0x0000025bfc531a80 JavaThread "C2 CompilerThread0" daemon [_thread_blocked, id=916, stack(0x000000f61d800000,0x000000f61d900000)]
  0x0000025bfc55f080 JavaThread "C1 CompilerThread0" daemon [_thread_blocked, id=18884, stack(0x000000f61d900000,0x000000f61da00000)]
  0x0000025bfc5695e0 JavaThread "Sweeper thread" daemon [_thread_blocked, id=20136, stack(0x000000f61da00000,0x000000f61db00000)]
  0x0000025bfc686300 JavaThread "Notification Thread" daemon [_thread_blocked, id=13968, stack(0x000000f61db00000,0x000000f61dc00000)]
  0x0000025bfc68ef60 JavaThread "Common-Cleaner" daemon [_thread_blocked, id=20340, stack(0x000000f61dd00000,0x000000f61de00000)]

Other Threads:
  0x0000025bfc508150 VMThread "VM Thread" [stack: 0x000000f61d100000,0x000000f61d200000] [id=312]
  0x0000025bfc68ac60 WatcherThread [stack: 0x000000f61dc00000,0x000000f61dd00000] [id=17776]
  0x0000025bce0ffda0 GCTaskThread "GC Thread#0" [stack: 0x000000f61cc00000,0x000000f61cd00000] [id=19608]
  0x0000025bce113cf0 ConcurrentGCThread "G1 Main Marker" [stack: 0x000000f61cd00000,0x000000f61ce00000] [id=19472]
  0x0000025bce114e10 ConcurrentGCThread "G1 Conc#0" [stack: 0x000000f61ce00000,0x000000f61cf00000] [id=20024]
  0x0000025bce1620c0 ConcurrentGCThread "G1 Refine#0" [stack: 0x000000f61cf00000,0x000000f61d000000] [id=10368]
  0x0000025bce162a50 ConcurrentGCThread "G1 Service" [stack: 0x000000f61d000000,0x000000f61d100000] [id=11912]

Threads with active compile tasks:

VM state: not at safepoint (normal execution)

VM Mutex/Monitor currently owned by a thread: None

Heap address: 0x0000000601400000, size: 8172 MB, Compressed Oops mode: Zero based, Oop shift amount: 3

CDS archive(s) mapped at: [0x0000000800000000-0x0000000800bb0000-0x0000000800bb0000), size 12255232, SharedBaseAddress: 0x0000000800000000, ArchiveRelocationMode: 0.
Compressed class space mapped at: 0x0000000800c00000-0x0000000840c00000, reserved size: 1073741824
Narrow klass base: 0x0000000800000000, Narrow klass shift: 3, Narrow klass range: 0x100000000

GC Precious Log:
 CPUs: 8 total, 8 available
 Memory: 32681M
 Large Page Support: Disabled
 NUMA Support: Disabled
 Compressed Oops: Enabled (Zero based)
 Heap Region Size: 4M
 Heap Min Capacity: 8M
 Heap Initial Capacity: 512M
 Heap Max Capacity: 8172M
 Pre-touch: Disabled
 Parallel Workers: 8
 Concurrent Workers: 2
 Concurrent Refinement Workers: 8
 Periodic GC: Disabled

Heap:
 garbage-first heap   total 524288K, used 0K [0x0000000601400000, 0x0000000800000000)
  region size 4096K, 1 young (4096K), 0 survivors (0K)
 Metaspace       used 450K, committed 640K, reserved 1056768K
  class space    used 20K, committed 128K, reserved 1048576K

Heap Regions: E=young(eden), S=young(survivor), O=old, HS=humongous(starts), HC=humongous(continues), CS=collection set, F=free, OA=open archive, CA=closed archive, TAMS=top-at-mark-start (previous, next)
|   0|0x0000000601400000, 0x0000000601400000, 0x0000000601800000|  0%| F|  |TAMS 0x0000000601400000, 0x0000000601400000| Untracked 
|   1|0x0000000601800000, 0x0000000601800000, 0x0000000601c00000|  0%| F|  |TAMS 0x0000000601800000, 0x0000000601800000| Untracked 
|   2|0x0000000601c00000, 0x0000000601c00000, 0x0000000602000000|  0%| F|  |TAMS 0x0000000601c00000, 0x0000000601c00000| Untracked 
|   3|0x0000000602000000, 0x0000000602000000, 0x0000000602400000|  0%| F|  |TAMS 0x0000000602000000, 0x0000000602000000| Untracked 
|   4|0x0000000602400000, 0x0000000602400000, 0x0000000602800000|  0%| F|  |TAMS 0x0000000602400000, 0x0000000602400000| Untracked 
|   5|0x0000000602800000, 0x0000000602800000, 0x0000000602c00000|  0%| F|  |TAMS 0x0000000602800000, 0x0000000602800000| Untracked 
|   6|0x0000000602c00000, 0x0000000602c00000, 0x0000000603000000|  0%| F|  |TAMS 0x0000000602c00000, 0x0000000602c00000| Untracked 
|   7|0x0000000603000000, 0x0000000603000000, 0x0000000603400000|  0%| F|  |TAMS 0x0000000603000000, 0x0000000603000000| Untracked 
|   8|0x0000000603400000, 0x0000000603400000, 0x0000000603800000|  0%| F|  |TAMS 0x0000000603400000, 0x0000000603400000| Untracked 
|   9|0x0000000603800000, 0x0000000603800000, 0x0000000603c00000|  0%| F|  |TAMS 0x0000000603800000, 0x0000000603800000| Untracked 
|  10|0x0000000603c00000, 0x0000000603c00000, 0x0000000604000000|  0%| F|  |TAMS 0x0000000603c00000, 0x0000000603c00000| Untracked 
|  11|0x0000000604000000, 0x0000000604000000, 0x0000000604400000|  0%| F|  |TAMS 0x0000000604000000, 0x0000000604000000| Untracked 
|  12|0x0000000604400000, 0x0000000604400000, 0x0000000604800000|  0%| F|  |TAMS 0x0000000604400000, 0x0000000604400000| Untracked 
|  13|0x0000000604800000, 0x0000000604800000, 0x0000000604c00000|  0%| F|  |TAMS 0x0000000604800000, 0x0000000604800000| Untracked 
|  14|0x0000000604c00000, 0x0000000604c00000, 0x0000000605000000|  0%| F|  |TAMS 0x0000000604c00000, 0x0000000604c00000| Untracked 
|  15|0x0000000605000000, 0x0000000605000000, 0x0000000605400000|  0%| F|  |TAMS 0x0000000605000000, 0x0000000605000000| Untracked 
|  16|0x0000000605400000, 0x0000000605400000, 0x0000000605800000|  0%| F|  |TAMS 0x0000000605400000, 0x0000000605400000| Untracked 
|  17|0x0000000605800000, 0x0000000605800000, 0x0000000605c00000|  0%| F|  |TAMS 0x0000000605800000, 0x0000000605800000| Untracked 
|  18|0x0000000605c00000, 0x0000000605c00000, 0x0000000606000000|  0%| F|  |TAMS 0x0000000605c00000, 0x0000000605c00000| Untracked 
|  19|0x0000000606000000, 0x0000000606000000, 0x0000000606400000|  0%| F|  |TAMS 0x0000000606000000, 0x0000000606000000| Untracked 
|  20|0x0000000606400000, 0x0000000606400000, 0x0000000606800000|  0%| F|  |TAMS 0x0000000606400000, 0x0000000606400000| Untracked 
|  21|0x0000000606800000, 0x0000000606800000, 0x0000000606c00000|  0%| F|  |TAMS 0x0000000606800000, 0x0000000606800000| Untracked 
|  22|0x0000000606c00000, 0x0000000606c00000, 0x0000000607000000|  0%| F|  |TAMS 0x0000000606c00000, 0x0000000606c00000| Untracked 
|  23|0x0000000607000000, 0x0000000607000000, 0x0000000607400000|  0%| F|  |TAMS 0x0000000607000000, 0x0000000607000000| Untracked 
|  24|0x0000000607400000, 0x0000000607400000, 0x0000000607800000|  0%| F|  |TAMS 0x0000000607400000, 0x0000000607400000| Untracked 
|  25|0x0000000607800000, 0x0000000607800000, 0x0000000607c00000|  0%| F|  |TAMS 0x0000000607800000, 0x0000000607800000| Untracked 
|  26|0x0000000607c00000, 0x0000000607c00000, 0x0000000608000000|  0%| F|  |TAMS 0x0000000607c00000, 0x0000000607c00000| Untracked 
|  27|0x0000000608000000, 0x0000000608000000, 0x0000000608400000|  0%| F|  |TAMS 0x0000000608000000, 0x0000000608000000| Untracked 
|  28|0x0000000608400000, 0x0000000608400000, 0x0000000608800000|  0%| F|  |TAMS 0x0000000608400000, 0x0000000608400000| Untracked 
|  29|0x0000000608800000, 0x0000000608800000, 0x0000000608c00000|  0%| F|  |TAMS 0x0000000608800000, 0x0000000608800000| Untracked 
|  30|0x0000000608c00000, 0x0000000608c00000, 0x0000000609000000|  0%| F|  |TAMS 0x0000000608c00000, 0x0000000608c00000| Untracked 
|  31|0x0000000609000000, 0x0000000609000000, 0x0000000609400000|  0%| F|  |TAMS 0x0000000609000000, 0x0000000609000000| Untracked 
|  32|0x0000000609400000, 0x0000000609400000, 0x0000000609800000|  0%| F|  |TAMS 0x0000000609400000, 0x0000000609400000| Untracked 
|  33|0x0000000609800000, 0x0000000609800000, 0x0000000609c00000|  0%| F|  |TAMS 0x0000000609800000, 0x0000000609800000| Untracked 
|  34|0x0000000609c00000, 0x0000000609c00000, 0x000000060a000000|  0%| F|  |TAMS 0x0000000609c00000, 0x0000000609c00000| Untracked 
|  35|0x000000060a000000, 0x000000060a000000, 0x000000060a400000|  0%| F|  |TAMS 0x000000060a000000, 0x000000060a000000| Untracked 
|  36|0x000000060a400000, 0x000000060a400000, 0x000000060a800000|  0%| F|  |TAMS 0x000000060a400000, 0x000000060a400000| Untracked 
|  37|0x000000060a800000, 0x000000060a800000, 0x000000060ac00000|  0%| F|  |TAMS 0x000000060a800000, 0x000000060a800000| Untracked 
|  38|0x000000060ac00000, 0x000000060ac00000, 0x000000060b000000|  0%| F|  |TAMS 0x000000060ac00000, 0x000000060ac00000| Untracked 
|  39|0x000000060b000000, 0x000000060b000000, 0x000000060b400000|  0%| F|  |TAMS 0x000000060b000000, 0x000000060b000000| Untracked 
|  40|0x000000060b400000, 0x000000060b400000, 0x000000060b800000|  0%| F|  |TAMS 0x000000060b400000, 0x000000060b400000| Untracked 
|  41|0x000000060b800000, 0x000000060b800000, 0x000000060bc00000|  0%| F|  |TAMS 0x000000060b800000, 0x000000060b800000| Untracked 
|  42|0x000000060bc00000, 0x000000060bc00000, 0x000000060c000000|  0%| F|  |TAMS 0x000000060bc00000, 0x000000060bc00000| Untracked 
|  43|0x000000060c000000, 0x000000060c000000, 0x000000060c400000|  0%| F|  |TAMS 0x000000060c000000, 0x000000060c000000| Untracked 
|  44|0x000000060c400000, 0x000000060c400000, 0x000000060c800000|  0%| F|  |TAMS 0x000000060c400000, 0x000000060c400000| Untracked 
|  45|0x000000060c800000, 0x000000060c800000, 0x000000060cc00000|  0%| F|  |TAMS 0x000000060c800000, 0x000000060c800000| Untracked 
|  46|0x000000060cc00000, 0x000000060cc00000, 0x000000060d000000|  0%| F|  |TAMS 0x000000060cc00000, 0x000000060cc00000| Untracked 
|  47|0x000000060d000000, 0x000000060d000000, 0x000000060d400000|  0%| F|  |TAMS 0x000000060d000000, 0x000000060d000000| Untracked 
|  48|0x000000060d400000, 0x000000060d400000, 0x000000060d800000|  0%| F|  |TAMS 0x000000060d400000, 0x000000060d400000| Untracked 
|  49|0x000000060d800000, 0x000000060d800000, 0x000000060dc00000|  0%| F|  |TAMS 0x000000060d800000, 0x000000060d800000| Untracked 
|  50|0x000000060dc00000, 0x000000060dc00000, 0x000000060e000000|  0%| F|  |TAMS 0x000000060dc00000, 0x000000060dc00000| Untracked 
|  51|0x000000060e000000, 0x000000060e000000, 0x000000060e400000|  0%| F|  |TAMS 0x000000060e000000, 0x000000060e000000| Untracked 
|  52|0x000000060e400000, 0x000000060e400000, 0x000000060e800000|  0%| F|  |TAMS 0x000000060e400000, 0x000000060e400000| Untracked 
|  53|0x000000060e800000, 0x000000060e800000, 0x000000060ec00000|  0%| F|  |TAMS 0x000000060e800000, 0x000000060e800000| Untracked 
|  54|0x000000060ec00000, 0x000000060ec00000, 0x000000060f000000|  0%| F|  |TAMS 0x000000060ec00000, 0x000000060ec00000| Untracked 
|  55|0x000000060f000000, 0x000000060f000000, 0x000000060f400000|  0%| F|  |TAMS 0x000000060f000000, 0x000000060f000000| Untracked 
|  56|0x000000060f400000, 0x000000060f400000, 0x000000060f800000|  0%| F|  |TAMS 0x000000060f400000, 0x000000060f400000| Untracked 
|  57|0x000000060f800000, 0x000000060f800000, 0x000000060fc00000|  0%| F|  |TAMS 0x000000060f800000, 0x000000060f800000| Untracked 
|  58|0x000000060fc00000, 0x000000060fc00000, 0x0000000610000000|  0%| F|  |TAMS 0x000000060fc00000, 0x000000060fc00000| Untracked 
|  59|0x0000000610000000, 0x0000000610000000, 0x0000000610400000|  0%| F|  |TAMS 0x0000000610000000, 0x0000000610000000| Untracked 
|  60|0x0000000610400000, 0x0000000610400000, 0x0000000610800000|  0%| F|  |TAMS 0x0000000610400000, 0x0000000610400000| Untracked 
|  61|0x0000000610800000, 0x0000000610800000, 0x0000000610c00000|  0%| F|  |TAMS 0x0000000610800000, 0x0000000610800000| Untracked 
|  62|0x0000000610c00000, 0x0000000610c00000, 0x0000000611000000|  0%| F|  |TAMS 0x0000000610c00000, 0x0000000610c00000| Untracked 
|  63|0x0000000611000000, 0x0000000611000000, 0x0000000611400000|  0%| F|  |TAMS 0x0000000611000000, 0x0000000611000000| Untracked 
|  64|0x0000000611400000, 0x0000000611400000, 0x0000000611800000|  0%| F|  |TAMS 0x0000000611400000, 0x0000000611400000| Untracked 
|  65|0x0000000611800000, 0x0000000611800000, 0x0000000611c00000|  0%| F|  |TAMS 0x0000000611800000, 0x0000000611800000| Untracked 
|  66|0x0000000611c00000, 0x0000000611c00000, 0x0000000612000000|  0%| F|  |TAMS 0x0000000611c00000, 0x0000000611c00000| Untracked 
|  67|0x0000000612000000, 0x0000000612000000, 0x0000000612400000|  0%| F|  |TAMS 0x0000000612000000, 0x0000000612000000| Untracked 
|  68|0x0000000612400000, 0x0000000612400000, 0x0000000612800000|  0%| F|  |TAMS 0x0000000612400000, 0x0000000612400000| Untracked 
|  69|0x0000000612800000, 0x0000000612800000, 0x0000000612c00000|  0%| F|  |TAMS 0x0000000612800000, 0x0000000612800000| Untracked 
|  70|0x0000000612c00000, 0x0000000612c00000, 0x0000000613000000|  0%| F|  |TAMS 0x0000000612c00000, 0x0000000612c00000| Untracked 
|  71|0x0000000613000000, 0x0000000613000000, 0x0000000613400000|  0%| F|  |TAMS 0x0000000613000000, 0x0000000613000000| Untracked 
|  72|0x0000000613400000, 0x0000000613400000, 0x0000000613800000|  0%| F|  |TAMS 0x0000000613400000, 0x0000000613400000| Untracked 
|  73|0x0000000613800000, 0x0000000613800000, 0x0000000613c00000|  0%| F|  |TAMS 0x0000000613800000, 0x0000000613800000| Untracked 
|  74|0x0000000613c00000, 0x0000000613c00000, 0x0000000614000000|  0%| F|  |TAMS 0x0000000613c00000, 0x0000000613c00000| Untracked 
|  75|0x0000000614000000, 0x0000000614000000, 0x0000000614400000|  0%| F|  |TAMS 0x0000000614000000, 0x0000000614000000| Untracked 
|  76|0x0000000614400000, 0x0000000614400000, 0x0000000614800000|  0%| F|  |TAMS 0x0000000614400000, 0x0000000614400000| Untracked 
|  77|0x0000000614800000, 0x0000000614800000, 0x0000000614c00000|  0%| F|  |TAMS 0x0000000614800000, 0x0000000614800000| Untracked 
|  78|0x0000000614c00000, 0x0000000614c00000, 0x0000000615000000|  0%| F|  |TAMS 0x0000000614c00000, 0x0000000614c00000| Untracked 
|  79|0x0000000615000000, 0x0000000615000000, 0x0000000615400000|  0%| F|  |TAMS 0x0000000615000000, 0x0000000615000000| Untracked 
|  80|0x0000000615400000, 0x0000000615400000, 0x0000000615800000|  0%| F|  |TAMS 0x0000000615400000, 0x0000000615400000| Untracked 
|  81|0x0000000615800000, 0x0000000615800000, 0x0000000615c00000|  0%| F|  |TAMS 0x0000000615800000, 0x0000000615800000| Untracked 
|  82|0x0000000615c00000, 0x0000000615c00000, 0x0000000616000000|  0%| F|  |TAMS 0x0000000615c00000, 0x0000000615c00000| Untracked 
|  83|0x0000000616000000, 0x0000000616000000, 0x0000000616400000|  0%| F|  |TAMS 0x0000000616000000, 0x0000000616000000| Untracked 
|  84|0x0000000616400000, 0x0000000616400000, 0x0000000616800000|  0%| F|  |TAMS 0x0000000616400000, 0x0000000616400000| Untracked 
|  85|0x0000000616800000, 0x0000000616800000, 0x0000000616c00000|  0%| F|  |TAMS 0x0000000616800000, 0x0000000616800000| Untracked 
|  86|0x0000000616c00000, 0x0000000616c00000, 0x0000000617000000|  0%| F|  |TAMS 0x0000000616c00000, 0x0000000616c00000| Untracked 
|  87|0x0000000617000000, 0x0000000617000000, 0x0000000617400000|  0%| F|  |TAMS 0x0000000617000000, 0x0000000617000000| Untracked 
|  88|0x0000000617400000, 0x0000000617400000, 0x0000000617800000|  0%| F|  |TAMS 0x0000000617400000, 0x0000000617400000| Untracked 
|  89|0x0000000617800000, 0x0000000617800000, 0x0000000617c00000|  0%| F|  |TAMS 0x0000000617800000, 0x0000000617800000| Untracked 
|  90|0x0000000617c00000, 0x0000000617c00000, 0x0000000618000000|  0%| F|  |TAMS 0x0000000617c00000, 0x0000000617c00000| Untracked 
|  91|0x0000000618000000, 0x0000000618000000, 0x0000000618400000|  0%| F|  |TAMS 0x0000000618000000, 0x0000000618000000| Untracked 
|  92|0x0000000618400000, 0x0000000618400000, 0x0000000618800000|  0%| F|  |TAMS 0x0000000618400000, 0x0000000618400000| Untracked 
|  93|0x0000000618800000, 0x0000000618800000, 0x0000000618c00000|  0%| F|  |TAMS 0x0000000618800000, 0x0000000618800000| Untracked 
|  94|0x0000000618c00000, 0x0000000618c00000, 0x0000000619000000|  0%| F|  |TAMS 0x0000000618c00000, 0x0000000618c00000| Untracked 
|  95|0x0000000619000000, 0x0000000619000000, 0x0000000619400000|  0%| F|  |TAMS 0x0000000619000000, 0x0000000619000000| Untracked 
|  96|0x0000000619400000, 0x0000000619400000, 0x0000000619800000|  0%| F|  |TAMS 0x0000000619400000, 0x0000000619400000| Untracked 
|  97|0x0000000619800000, 0x0000000619800000, 0x0000000619c00000|  0%| F|  |TAMS 0x0000000619800000, 0x0000000619800000| Untracked 
|  98|0x0000000619c00000, 0x0000000619c00000, 0x000000061a000000|  0%| F|  |TAMS 0x0000000619c00000, 0x0000000619c00000| Untracked 
|  99|0x000000061a000000, 0x000000061a000000, 0x000000061a400000|  0%| F|  |TAMS 0x000000061a000000, 0x000000061a000000| Untracked 
| 100|0x000000061a400000, 0x000000061a400000, 0x000000061a800000|  0%| F|  |TAMS 0x000000061a400000, 0x000000061a400000| Untracked 
| 101|0x000000061a800000, 0x000000061a800000, 0x000000061ac00000|  0%| F|  |TAMS 0x000000061a800000, 0x000000061a800000| Untracked 
| 102|0x000000061ac00000, 0x000000061ac00000, 0x000000061b000000|  0%| F|  |TAMS 0x000000061ac00000, 0x000000061ac00000| Untracked 
| 103|0x000000061b000000, 0x000000061b000000, 0x000000061b400000|  0%| F|  |TAMS 0x000000061b000000, 0x000000061b000000| Untracked 
| 104|0x000000061b400000, 0x000000061b400000, 0x000000061b800000|  0%| F|  |TAMS 0x000000061b400000, 0x000000061b400000| Untracked 
| 105|0x000000061b800000, 0x000000061b800000, 0x000000061bc00000|  0%| F|  |TAMS 0x000000061b800000, 0x000000061b800000| Untracked 
| 106|0x000000061bc00000, 0x000000061bc00000, 0x000000061c000000|  0%| F|  |TAMS 0x000000061bc00000, 0x000000061bc00000| Untracked 
| 107|0x000000061c000000, 0x000000061c000000, 0x000000061c400000|  0%| F|  |TAMS 0x000000061c000000, 0x000000061c000000| Untracked 
| 108|0x000000061c400000, 0x000000061c400000, 0x000000061c800000|  0%| F|  |TAMS 0x000000061c400000, 0x000000061c400000| Untracked 
| 109|0x000000061c800000, 0x000000061c800000, 0x000000061cc00000|  0%| F|  |TAMS 0x000000061c800000, 0x000000061c800000| Untracked 
| 110|0x000000061cc00000, 0x000000061cc00000, 0x000000061d000000|  0%| F|  |TAMS 0x000000061cc00000, 0x000000061cc00000| Untracked 
| 111|0x000000061d000000, 0x000000061d000000, 0x000000061d400000|  0%| F|  |TAMS 0x000000061d000000, 0x000000061d000000| Untracked 
| 112|0x000000061d400000, 0x000000061d400000, 0x000000061d800000|  0%| F|  |TAMS 0x000000061d400000, 0x000000061d400000| Untracked 
| 113|0x000000061d800000, 0x000000061d800000, 0x000000061dc00000|  0%| F|  |TAMS 0x000000061d800000, 0x000000061d800000| Untracked 
| 114|0x000000061dc00000, 0x000000061dc00000, 0x000000061e000000|  0%| F|  |TAMS 0x000000061dc00000, 0x000000061dc00000| Untracked 
| 115|0x000000061e000000, 0x000000061e000000, 0x000000061e400000|  0%| F|  |TAMS 0x000000061e000000, 0x000000061e000000| Untracked 
| 116|0x000000061e400000, 0x000000061e400000, 0x000000061e800000|  0%| F|  |TAMS 0x000000061e400000, 0x000000061e400000| Untracked 
| 117|0x000000061e800000, 0x000000061e800000, 0x000000061ec00000|  0%| F|  |TAMS 0x000000061e800000, 0x000000061e800000| Untracked 
| 118|0x000000061ec00000, 0x000000061ec00000, 0x000000061f000000|  0%| F|  |TAMS 0x000000061ec00000, 0x000000061ec00000| Untracked 
| 119|0x000000061f000000, 0x000000061f000000, 0x000000061f400000|  0%| F|  |TAMS 0x000000061f000000, 0x000000061f000000| Untracked 
| 120|0x000000061f400000, 0x000000061f400000, 0x000000061f800000|  0%| F|  |TAMS 0x000000061f400000, 0x000000061f400000| Untracked 
| 121|0x000000061f800000, 0x000000061f800000, 0x000000061fc00000|  0%| F|  |TAMS 0x000000061f800000, 0x000000061f800000| Untracked 
| 122|0x000000061fc00000, 0x000000061fc00000, 0x0000000620000000|  0%| F|  |TAMS 0x000000061fc00000, 0x000000061fc00000| Untracked 
| 123|0x0000000620000000, 0x0000000620000000, 0x0000000620400000|  0%| F|  |TAMS 0x0000000620000000, 0x0000000620000000| Untracked 
| 124|0x0000000620400000, 0x0000000620400000, 0x0000000620800000|  0%| F|  |TAMS 0x0000000620400000, 0x0000000620400000| Untracked 
| 125|0x0000000620800000, 0x0000000620800000, 0x0000000620c00000|  0%| F|  |TAMS 0x0000000620800000, 0x0000000620800000| Untracked 
| 126|0x0000000620c00000, 0x0000000620c00000, 0x0000000621000000|  0%| F|  |TAMS 0x0000000620c00000, 0x0000000620c00000| Untracked 
| 127|0x0000000621000000, 0x0000000621268750, 0x0000000621400000| 60%| E|  |TAMS 0x0000000621000000, 0x0000000621000000| Complete 

Card table byte_map: [0x0000025be7a80000,0x0000025be8a80000] _byte_map_base: 0x0000025be4a76000

Marking Bits (Prev, Next): (CMBitMap*) 0x0000025bce1023c0, (CMBitMap*) 0x0000025bce102400
 Prev Bits: [0x0000025be9a80000, 0x0000025bf1a30000)
 Next Bits: [0x0000025bf1a30000, 0x0000025bf99e0000)

Polling page: 0x0000025bce170000

Metaspace:

Usage:
  Non-class:    430.17 KB used.
      Class:     20.70 KB used.
       Both:    450.87 KB used.

Virtual space:
  Non-class space:        8.00 MB reserved,     512.00 KB (  6%) committed,  1 nodes.
      Class space:        1.00 GB reserved,     128.00 KB ( <1%) committed,  1 nodes.
              Both:        1.01 GB reserved,     640.00 KB ( <1%) committed. 

Chunk freelists:
   Non-Class:  3.78 MB
       Class:  3.73 MB
        Both:  7.52 MB

MaxMetaspaceSize: 17179869184.00 GB
CompressedClassSpaceSize: 1.00 GB
 - commit_granule_bytes: 65536.
 - commit_granule_words: 8192.
 - virtual_space_node_default_size: 1048576.
 - enlarge_chunks_in_place: 1.
 - new_chunks_are_fully_committed: 0.
 - uncommit_free_chunks: 1.
 - use_allocation_guard: 0.
 - handle_deallocations: 1.


Internal statistics:

num_allocs_failed_limit: 0.
num_arena_births: 4.
num_arena_deaths: 0.
num_vsnodes_births: 2.
num_vsnodes_deaths: 0.
num_space_committed: 10.
num_space_uncommitted: 0.
num_chunks_returned_to_freelist: 0.
num_chunks_taken_from_freelist: 16.
num_chunk_merges: 0.
num_chunk_splits: 11.
num_chunks_enlarged: 12.
num_purges: 0.

CodeHeap 'non-profiled nmethods': size=120000Kb used=16Kb max_used=16Kb free=119984Kb
 bounds [0x0000025bdeae0000, 0x0000025bded50000, 0x0000025be6010000]
CodeHeap 'profiled nmethods': size=120000Kb used=103Kb max_used=103Kb free=119896Kb
 bounds [0x0000025bd75b0000, 0x0000025bd7820000, 0x0000025bdeae0000]
CodeHeap 'non-nmethods': size=5760Kb used=1094Kb max_used=1094Kb free=4665Kb
 bounds [0x0000025bd7010000, 0x0000025bd7280000, 0x0000025bd75b0000]
 total_blobs=443 nmethods=82 adapters=274
 compilation: enabled
              stopped_count=0, restarted_count=0
 full_count=0

Compilation events (20 events):
Event: 0.042 Thread 0x0000025bfc55f080 nmethod 70 0x0000025bd75c5b10 code [0x0000025bd75c5ce0, 0x0000025bd75c6118]
Event: 0.043 Thread 0x0000025bfc55f080   72       3       java.lang.String::indexOf (7 bytes)
Event: 0.043 Thread 0x0000025bfc55f080 nmethod 72 0x0000025bd75c6290 code [0x0000025bd75c6460, 0x0000025bd75c6778]
Event: 0.043 Thread 0x0000025bfc55f080   73       3       java.lang.CharacterDataLatin1::getProperties (11 bytes)
Event: 0.043 Thread 0x0000025bfc55f080 nmethod 73 0x0000025bd75c6890 code [0x0000025bd75c6a40, 0x0000025bd75c6b78]
Event: 0.043 Thread 0x0000025bfc55f080   74       3       java.util.Arrays::copyOfRange (64 bytes)
Event: 0.043 Thread 0x0000025bfc55f080 nmethod 74 0x0000025bd75c6c90 code [0x0000025bd75c6f00, 0x0000025bd75c7838]
Event: 0.043 Thread 0x0000025bfc55f080   75       3       java.lang.StringLatin1::lastIndexOf (40 bytes)
Event: 0.044 Thread 0x0000025bfc55f080 nmethod 75 0x0000025bd75c7b90 code [0x0000025bd75c7d60, 0x0000025bd75c8158]
Event: 0.044 Thread 0x0000025bfc55f080   76       1       java.util.zip.Inflater$InflaterZStreamRef::address (5 bytes)
Event: 0.044 Thread 0x0000025bfc55f080 nmethod 76 0x0000025bdeae3a10 code [0x0000025bdeae3ba0, 0x0000025bdeae3c78]
Event: 0.044 Thread 0x0000025bfc55f080   77       3       java.lang.AbstractStringBuilder::putStringAt (12 bytes)
Event: 0.044 Thread 0x0000025bfc55f080 nmethod 77 0x0000025bd75c8290 code [0x0000025bd75c8440, 0x0000025bd75c8688]
Event: 0.044 Thread 0x0000025bfc55f080   81       3       java.lang.AbstractStringBuilder::append (45 bytes)
Event: 0.044 Thread 0x0000025bfc55f080 nmethod 81 0x0000025bd75c8810 code [0x0000025bd75c8a00, 0x0000025bd75c8d48]
Event: 0.044 Thread 0x0000025bfc55f080   78       3       java.lang.AbstractStringBuilder::putStringAt (34 bytes)
Event: 0.045 Thread 0x0000025bfc55f080 nmethod 78 0x0000025bd75c8f10 code [0x0000025bd75c90e0, 0x0000025bd75c93f8]
Event: 0.045 Thread 0x0000025bfc55f080   79       3       java.lang.AbstractStringBuilder::getCoder (15 bytes)
Event: 0.045 Thread 0x0000025bfc55f080 nmethod 79 0x0000025bd75c9590 code [0x0000025bd75c9720, 0x0000025bd75c9858]
Event: 0.045 Thread 0x0000025bfc55f080   80       3       java.lang.String::getBytes (46 bytes)

GC Heap History (0 events):
No events

Deoptimization events (0 events):
No events

Classes unloaded (0 events):
No events

Classes redefined (0 events):
No events

Internal exceptions (0 events):
No events

Events (20 events):
Event: 0.017 Thread 0x0000025bfc55f080 Thread added: 0x0000025bfc55f080
Event: 0.017 Thread 0x0000025bfc5695e0 Thread added: 0x0000025bfc5695e0
Event: 0.025 Thread 0x0000025bfc686300 Thread added: 0x0000025bfc686300
Event: 0.026 loading class sun/nio/cs/UTF_8$Decoder
Event: 0.026 loading class sun/nio/cs/UTF_8$Decoder done
Event: 0.027 Thread 0x0000025bfc68ef60 Thread added: 0x0000025bfc68ef60
Event: 0.028 Loaded shared library C:\Program Files\Java\jdk-16.0.2\bin\net.dll
Event: 0.029 Loaded shared library C:\Program Files\Java\jdk-16.0.2\bin\nio.dll
Event: 0.031 Loaded shared library C:\Program Files\Java\jdk-16.0.2\bin\zip.dll
Event: 0.031 loading class jdk/internal/loader/URLClassPath$FileLoader
Event: 0.031 loading class jdk/internal/loader/URLClassPath$FileLoader done
Event: 0.032 loading class jdk/internal/loader/URLClassPath$FileLoader$1
Event: 0.032 loading class jdk/internal/loader/URLClassPath$FileLoader$1 done
Event: 0.033 Executing  VM operation: HandshakeAllThreads
Event: 0.033 Executing  VM operation: HandshakeAllThreads done
Event: 0.033 Executing  VM operation: HandshakeAllThreads
Event: 0.033 Executing  VM operation: HandshakeAllThreads done
Event: 0.035 loading class java/lang/UnsatisfiedLinkError
Event: 0.035 loading class java/lang/UnsatisfiedLinkError done
Event: 0.038 Loaded shared library C:\Program Files\Webots\lib\controller\java\JavaController.dll


Dynamic libraries:
0x00007ff65a5b0000 - 0x00007ff65a5c0000 	C:\Program Files\Java\jdk-16.0.2\bin\javaw.exe
0x00007ffcb69f0000 - 0x00007ffcb6be5000 	C:\WINDOWS\SYSTEM32\ntdll.dll
0x00007ffcb61c0000 - 0x00007ffcb627e000 	C:\WINDOWS\System32\KERNEL32.DLL
0x00007ffcb42e0000 - 0x00007ffcb45a9000 	C:\WINDOWS\System32\KERNELBASE.dll
0x00007ffcb4110000 - 0x00007ffcb4210000 	C:\WINDOWS\System32\ucrtbase.dll
0x00007ffc52c80000 - 0x00007ffc52c99000 	C:\Program Files\Java\jdk-16.0.2\bin\VCRUNTIME140.dll
0x00007ffc536d0000 - 0x00007ffc536e8000 	C:\Program Files\Java\jdk-16.0.2\bin\jli.dll
0x00007ffcb57c0000 - 0x00007ffcb586c000 	C:\WINDOWS\System32\ADVAPI32.dll
0x00007ffcb52c0000 - 0x00007ffcb535e000 	C:\WINDOWS\System32\msvcrt.dll
0x00007ffcb6910000 - 0x00007ffcb69ab000 	C:\WINDOWS\System32\sechost.dll
0x00007ffcb53c0000 - 0x00007ffcb54ea000 	C:\WINDOWS\System32\RPCRT4.dll
0x00007ffcb5900000 - 0x00007ffcb5aa1000 	C:\WINDOWS\System32\USER32.dll
0x00007ffcb42b0000 - 0x00007ffcb42d2000 	C:\WINDOWS\System32\win32u.dll
0x00007ffca6c20000 - 0x00007ffca6eba000 	C:\WINDOWS\WinSxS\amd64_microsoft.windows.common-controls_6595b64144ccf1df_6.0.19041.1110_none_60b5254171f9507e\COMCTL32.dll
0x00007ffcb6130000 - 0x00007ffcb615b000 	C:\WINDOWS\System32\GDI32.dll
0x00007ffcb46f0000 - 0x00007ffcb47fb000 	C:\WINDOWS\System32\gdi32full.dll
0x00007ffcb4210000 - 0x00007ffcb42ad000 	C:\WINDOWS\System32\msvcp_win.dll
0x00007ffcaf010000 - 0x00007ffcaf01a000 	C:\WINDOWS\SYSTEM32\VERSION.dll
0x00007ffcb6330000 - 0x00007ffcb6360000 	C:\WINDOWS\System32\IMM32.DLL
0x00007ffc99d10000 - 0x00007ffc99d1c000 	C:\Program Files\Java\jdk-16.0.2\bin\vcruntime140_1.dll
0x00007ffc1b4d0000 - 0x00007ffc1b561000 	C:\Program Files\Java\jdk-16.0.2\bin\msvcp140.dll
0x00007ffc1a920000 - 0x00007ffc1b4cb000 	C:\Program Files\Java\jdk-16.0.2\bin\server\jvm.dll
0x00007ffcb5ff0000 - 0x00007ffcb5ff8000 	C:\WINDOWS\System32\PSAPI.DLL
0x00007ffc955a0000 - 0x00007ffc955a9000 	C:\WINDOWS\SYSTEM32\WSOCK32.dll
0x00007ffcb5f70000 - 0x00007ffcb5fdb000 	C:\WINDOWS\System32\WS2_32.dll
0x00007ffca78a0000 - 0x00007ffca78c7000 	C:\WINDOWS\SYSTEM32\WINMM.dll
0x00007ffcb2030000 - 0x00007ffcb2042000 	C:\WINDOWS\SYSTEM32\kernel.appcore.dll
0x00007ffc97e70000 - 0x00007ffc97e7a000 	C:\Program Files\Java\jdk-16.0.2\bin\jimage.dll
0x00007ffca35e0000 - 0x00007ffca37c4000 	C:\WINDOWS\SYSTEM32\DBGHELP.DLL
0x00007ffca3580000 - 0x00007ffca35ac000 	C:\WINDOWS\SYSTEM32\dbgcore.DLL
0x00007ffcb4960000 - 0x00007ffcb49e3000 	C:\WINDOWS\System32\bcryptPrimitives.dll
0x00007ffc1a8f0000 - 0x00007ffc1a915000 	C:\Program Files\Java\jdk-16.0.2\bin\java.dll
0x00007ffcb4a40000 - 0x00007ffcb517f000 	C:\WINDOWS\System32\SHELL32.dll
0x00007ffcb2230000 - 0x00007ffcb29c0000 	C:\WINDOWS\SYSTEM32\windows.storage.dll
0x00007ffcb5ab0000 - 0x00007ffcb5e05000 	C:\WINDOWS\System32\combase.dll
0x00007ffcb3b60000 - 0x00007ffcb3b8c000 	C:\WINDOWS\SYSTEM32\Wldp.dll
0x00007ffcb5180000 - 0x00007ffcb522e000 	C:\WINDOWS\System32\SHCORE.dll
0x00007ffcb6160000 - 0x00007ffcb61b5000 	C:\WINDOWS\System32\shlwapi.dll
0x00007ffcb4050000 - 0x00007ffcb406f000 	C:\WINDOWS\SYSTEM32\profapi.dll
0x00007ffc4efd0000 - 0x00007ffc4efe9000 	C:\Program Files\Java\jdk-16.0.2\bin\net.dll
0x00007ffcad000000 - 0x00007ffcad108000 	C:\WINDOWS\SYSTEM32\WINHTTP.dll
0x00007ffcb3850000 - 0x00007ffcb38ba000 	C:\WINDOWS\system32\mswsock.dll
0x00007ffc2b180000 - 0x00007ffc2b193000 	C:\Program Files\Java\jdk-16.0.2\bin\nio.dll
0x00007ffc2a250000 - 0x00007ffc2a268000 	C:\Program Files\Java\jdk-16.0.2\bin\zip.dll
0x00007ffc1a8a0000 - 0x00007ffc1a8e4000 	C:\Program Files\Webots\lib\controller\java\JavaController.dll
0x00007ffc80f20000 - 0x00007ffc80f3c000 	C:\Program Files\Webots\msys64\mingw64\bin\cpp\libgcc_s_seh-1.dll
0x00007ffc212e0000 - 0x00007ffc2148e000 	C:\Program Files\Webots\msys64\mingw64\bin\cpp\libstdc++-6.dll
0x00007ffc537a0000 - 0x00007ffc537b6000 	C:\Program Files\Webots\msys64\mingw64\bin\cpp\libwinpthread-1.dll
0x00007ffc1a830000 - 0x00007ffc1a8a0000 	C:\Program Files\Webots\lib\controller\CppController.dll
0x00007ffc1a7a0000 - 0x00007ffc1a82c000 	C:\Program Files\Webots\lib\controller\Controller.dll
0x00007ffc1a780000 - 0x00007ffc1a79c000 	C:\PROGRA~1\Webots\projects\robots\gctronic\e-puck\plugins\ROBOT_~1\e-puck\e-puck.dll
0x00007ffc1a750000 - 0x00007ffc1a775000 	C:\PROGRA~1\Webots\projects\robots\gctronic\e-puck\plugins\REMOTE~1\E-PUCK~1\E-PUCK~1.DLL

dbghelp: loaded successfully - version: 4.0.5 - missing functions: none
symbol engine: initialized successfully - sym options: 0x614 - pdb path: .;C:\Program Files\Java\jdk-16.0.2\bin;C:\WINDOWS\SYSTEM32;C:\WINDOWS\WinSxS\amd64_microsoft.windows.common-controls_6595b64144ccf1df_6.0.19041.1110_none_60b5254171f9507e;C:\Program Files\Java\jdk-16.0.2\bin\server;C:\Program Files\Webots\lib\controller\java;C:\Program Files\Webots\msys64\mingw64\bin\cpp;C:\Program Files\Webots\lib\controller;C:\PROGRA~1\Webots\projects\robots\gctronic\e-puck\plugins\ROBOT_~1\e-puck;C:\PROGRA~1\Webots\projects\robots\gctronic\e-puck\plugins\REMOTE~1\E-PUCK~1

VM Arguments:
jvm_args: -Djava.library.path=C:/Program Files/Webots/lib/controller/java 
java_command: Lab3Controller
java_class_path (initial): C:/Program Files/Webots/lib/controller/java/Controller.jar;C:/SHCOOL~1/robots/Lab3/CONTRO~1/LAB3CO~1/
Launcher Type: SUN_STANDARD

[Global flags]
     intx CICompilerCount                          = 4                                         {product} {ergonomic}
     uint ConcGCThreads                            = 2                                         {product} {ergonomic}
     uint G1ConcRefinementThreads                  = 8                                         {product} {ergonomic}
   size_t G1HeapRegionSize                         = 4194304                                   {product} {ergonomic}
    uintx GCDrainStackTargetSize                   = 64                                        {product} {ergonomic}
   size_t InitialHeapSize                          = 536870912                                 {product} {ergonomic}
   size_t MarkStackSize                            = 4194304                                   {product} {ergonomic}
   size_t MaxHeapSize                              = 8568963072                                {product} {ergonomic}
   size_t MaxNewSize                               = 5138022400                                {product} {ergonomic}
   size_t MinHeapDeltaBytes                        = 4194304                                   {product} {ergonomic}
   size_t MinHeapSize                              = 8388608                                   {product} {ergonomic}
    uintx NonNMethodCodeHeapSize                   = 5839372                                {pd product} {ergonomic}
    uintx NonProfiledCodeHeapSize                  = 122909434                              {pd product} {ergonomic}
    uintx ProfiledCodeHeapSize                     = 122909434                              {pd product} {ergonomic}
    uintx ReservedCodeCacheSize                    = 251658240                              {pd product} {ergonomic}
     bool SegmentedCodeCache                       = true                                      {product} {ergonomic}
   size_t SoftMaxHeapSize                          = 8568963072                             {manageable} {ergonomic}
     bool UseCompressedClassPointers               = true                           {product lp64_product} {ergonomic}
     bool UseCompressedOops                        = true                           {product lp64_product} {ergonomic}
     bool UseG1GC                                  = true                                      {product} {ergonomic}
     bool UseLargePagesIndividualAllocation        = false                                  {pd product} {ergonomic}

Logging:
Log output configuration:
 #0: stdout all=warning uptime,level,tags
 #1: stderr all=off uptime,level,tags

Environment Variables:
JAVA_HOME=C:\Program Files\Java\jdk-16.0.2
PATH=C:\Program Files\Webots\msys64\mingw64\bin\cpp;C:\Users\morga\AppData\Local\Programs\Python\Python39\Scripts\;C:\Users\morga\AppData\Local\Programs\Python\Python39\;C:\WINDOWS\system32;C:\WINDOWS;C:\WINDOWS\System32\Wbem;C:\WINDOWS\System32\WindowsPowerShell\v1.0\;C:\WINDOWS\System32\OpenSSH\;C:\Program Files\NVIDIA Corporation\NVIDIA NvDLISR;C:\Program Files (x86)\NVIDIA Corporation\PhysX\Common;C:\Program Files\Java\jdk-16.0.2\bin;C:\mp3thing;C:\mp3thing\ffmpeg;C:\Program Files\Git\cmd;C:\Program Files\nodejs\;C:\ProgramData\chocolatey\bin;C:\Program Files\dotnet\;C:\Program Files\Java\jdk-16.0.2;C:\Users\morga\AppData\Local\Microsoft\WindowsApps;C:\Users\morga\AppData\Local\Programs\Microsoft VS Code\bin;C:\srcflutterthing\flutter\bin;C:\Users\morga\AppData\Roaming\npm;C:\Users\morga\.dotnet\tools;C:\Users\morga\AppData\Local\atom\bin;C:\Program Files\Webots\lib\controller
USERNAME=morga
OS=Windows_NT
PROCESSOR_IDENTIFIER=Intel64 Family 6 Model 158 Stepping 13, GenuineIntel



---------------  S Y S T E M  ---------------

OS:
 Windows 10 , 64 bit Build 19041 (10.0.19041.1202)
OS uptime: 0 days 1:59 hours

CPU: total 8 (initial active 8) (8 cores per cpu, 1 threads per core) family 6 model 158 stepping 13 microcode 0xcc, cx8, cmov, fxsr, mmx, 3dnowpref, sse, sse2, sse3, ssse3, sse4.1, sse4.2, popcnt, lzcnt, tsc, tscinvbit, avx, avx2, aes, erms, clmul, bmi1, bmi2, adx, fma, vzeroupper, clflush, clflushopt

Memory: 4k page, system-wide physical 32681M (21263M free)
TotalPageFile size 37545M (AvailPageFile size 19383M)
current process WorkingSet (physical memory assigned to process): 31M, peak: 31M
current process commit charge ("private bytes"): 610M, peak: 610M

vm_info: Java HotSpot(TM) 64-Bit Server VM (16.0.2+7-67) for windows-amd64 JRE (16.0.2+7-67), built on Jun  8 2021 23:24:19 by "mach5one" with MS VC++ 16.7 (VS2019)

END.
